[14096:28944:1006/051637.390:INFO:components\enterprise\browser\controller\chrome_browser_cloud_management_controller.cc:206] No machine level policy manager exists.
[18552:8068:1006/051637.532:INFO:third_party\webrtc\rtc_base\cpu_info.cc:75] Available number of cores: 12
[24776:1236:1006/051637.532:INFO:third_party\webrtc\rtc_base\cpu_info.cc:75] Available number of cores: 12
[7212:31796:1006/051637.648:VERBOSE1:components\viz\service\main\viz_main_impl.cc:86] VizNullHypothesis is disabled (not a warning)
[18572:15604:1006/051637.812:INFO:third_party\webrtc\rtc_base\cpu_info.cc:75] Available number of cores: 12
[11640:32240:1006/051637.870:INFO:third_party\webrtc\rtc_base\cpu_info.cc:75] Available number of cores: 12
[14096:27584:1006/051640.918:ERROR:google_apis\gcm\engine\registration_request.cc:291] Registration response error message: DEPRECATED_ENDPOINT
[18304:25656:1006/051642.117:INFO:third_party\webrtc\rtc_base\cpu_info.cc:75] Available number of cores: 12
[14096:28944:1006/051705.644:INFO:CONSOLE:36] "  WARN  [Statsig] Attempting to retrieve a StatsigClient but none was set.", source: https://app.airdna.co/data/_next/static/chunks/pages/_app-9fad0fc302b039e1.js (36)
[14096:28944:1006/051705.679:INFO:CONSOLE:36] "Ambassador values:  null null", source: https://app.airdna.co/data/_next/static/chunks/pages/_app-9fad0fc302b039e1.js (36)
[14096:28944:1006/051705.680:INFO:CONSOLE:36] "Loaded Ambassador script with:  https://us-snippet.airdna.co", source: https://app.airdna.co/data/_next/static/chunks/pages/_app-9fad0fc302b039e1.js (36)
[14096:28944:1006/051705.869:INFO:CONSOLE:36] "  WARN  [Statsig] Creating multiple Statsig clients with the same SDK key can lead to unexpected behavior. Multi-instance support requires different SDK keys.", source: https://app.airdna.co/data/_next/static/chunks/pages/_app-9fad0fc302b039e1.js (36)
[33064:32756:1006/051705.923:INFO:third_party\webrtc\rtc_base\cpu_info.cc:75] Available number of cores: 12
[12812:28248:1006/051705.933:INFO:third_party\webrtc\rtc_base\cpu_info.cc:75] Available number of cores: 12
[14096:28944:1006/051706.236:INFO:CONSOLE:36] "vwo combination running", source: https://app.airdna.co/data/_next/static/chunks/pages/_app-9fad0fc302b039e1.js (36)
[14096:28944:1006/051706.236:INFO:CONSOLE:36] "vwo ended normaly", source: https://app.airdna.co/data/_next/static/chunks/pages/_app-9fad0fc302b039e1.js (36)
[14096:28944:1006/051706.246:INFO:CONSOLE:36] "12001 running", source: https://app.airdna.co/data/_next/static/chunks/pages/_app-9fad0fc302b039e1.js (36)
[8108:32980:1006/051706.772:INFO:third_party\webrtc\rtc_base\cpu_info.cc:75] Available number of cores: 12
[14096:28944:1006/051706.785:INFO:CONSOLE:36] "956235", source: https://app.airdna.co/data/_next/static/chunks/pages/_app-9fad0fc302b039e1.js (36)
[14096:27584:1006/051709.424:ERROR:google_apis\gcm\engine\registration_request.cc:291] Registration response error message: DEPRECATED_ENDPOINT
[18244:33432:1006/051711.092:WARNING:net\http\http_cache_transaction.cc:2620] Empty validation header value found
[24216:11932:1006/051711.933:INFO:third_party\webrtc\rtc_base\cpu_info.cc:75] Available number of cores: 12
[14096:28944:1006/051712.230:INFO:CONSOLE:36] "shouldUseDetectedLanguage: Invalid aiTranslations parameter", source: https://app.airdna.co/data/_next/static/chunks/pages/_app-9fad0fc302b039e1.js (36)
[14096:28944:1006/051713.246:INFO:CONSOLE:36] "Google Maps JavaScript API has been loaded directly without loading=async. This can result in suboptimal performance. For best-practice loading patterns please see https://goo.gle/js-api-loading", source: https://app.airdna.co/data/_next/static/chunks/pages/_app-9fad0fc302b039e1.js (36)
[14096:28944:1006/051713.556:INFO:CONSOLE:1] "[Intercom] Launcher is disabled in settings or current page does not match display conditions", source: https://js.intercomcdn.com/frame-modern.8f6278a7.js (1)
[14096:28944:1006/051713.691:INFO:CONSOLE:36] "shouldUseDetectedLanguage: Invalid aiTranslations parameter", source: https://app.airdna.co/data/_next/static/chunks/pages/_app-9fad0fc302b039e1.js (36)
[14096:28944:1006/051713.707:INFO:CONSOLE:36] "Key is missing from snippet", source: https://app.airdna.co/data/_next/static/chunks/pages/_app-9fad0fc302b039e1.js (36)
[14096:28944:1006/051716.653:INFO:CONSOLE:36] "  WARN  [Statsig] Attempting to retrieve a StatsigClient but none was set.", source: https://app.airdna.co/data/_next/static/chunks/pages/_app-9fad0fc302b039e1.js (36)
[14096:28944:1006/051716.683:INFO:CONSOLE:36] "Ambassador values:  null null", source: https://app.airdna.co/data/_next/static/chunks/pages/_app-9fad0fc302b039e1.js (36)
[14096:28944:1006/051716.684:INFO:CONSOLE:36] "Loaded Ambassador script with:  https://us-snippet.airdna.co", source: https://app.airdna.co/data/_next/static/chunks/pages/_app-9fad0fc302b039e1.js (36)
[26132:28740:1006/051716.925:INFO:third_party\webrtc\rtc_base\cpu_info.cc:75] Available number of cores: 12
[21500:28924:1006/051716.931:INFO:third_party\webrtc\rtc_base\cpu_info.cc:75] Available number of cores: 12
[14096:28944:1006/051716.937:INFO:CONSOLE:36] "  WARN  [Statsig] Creating multiple Statsig clients with the same SDK key can lead to unexpected behavior. Multi-instance support requires different SDK keys.", source: https://app.airdna.co/data/_next/static/chunks/pages/_app-9fad0fc302b039e1.js (36)
[18244:33432:1006/051716.938:WARNING:net\http\http_cache_transaction.cc:2620] Empty validation header value found
[14096:28944:1006/051716.954:INFO:CONSOLE:36] "Google Maps JavaScript API has been loaded directly without loading=async. This can result in suboptimal performance. For best-practice loading patterns please see https://goo.gle/js-api-loading", source: https://app.airdna.co/data/_next/static/chunks/pages/_app-9fad0fc302b039e1.js (36)
[14096:28944:1006/051717.165:INFO:CONSOLE:36] "vwo combination running", source: https://app.airdna.co/data/_next/static/chunks/pages/_app-9fad0fc302b039e1.js (36)
[14096:28944:1006/051717.165:INFO:CONSOLE:36] "vwo ended normaly", source: https://app.airdna.co/data/_next/static/chunks/pages/_app-9fad0fc302b039e1.js (36)
[14096:28944:1006/051717.175:INFO:CONSOLE:36] "12001 running", source: https://app.airdna.co/data/_next/static/chunks/pages/_app-9fad0fc302b039e1.js (36)
[27940:27000:1006/051717.438:INFO:third_party\webrtc\rtc_base\cpu_info.cc:75] Available number of cores: 12
[14096:28944:1006/051717.450:INFO:CONSOLE:36] "956235", source: https://app.airdna.co/data/_next/static/chunks/pages/_app-9fad0fc302b039e1.js (36)
[14096:28944:1006/051717.516:INFO:CONSOLE:36] "shouldUseDetectedLanguage: Invalid aiTranslations parameter", source: https://app.airdna.co/data/_next/static/chunks/pages/_app-9fad0fc302b039e1.js (36)
[14096:28944:1006/051717.759:INFO:CONSOLE:36] "shouldUseDetectedLanguage: Invalid aiTranslations parameter", source: https://app.airdna.co/data/_next/static/chunks/pages/_app-9fad0fc302b039e1.js (36)
[14096:28944:1006/051717.804:INFO:CONSOLE:1] "[Intercom] Launcher is disabled in settings or current page does not match display conditions", source: https://js.intercomcdn.com/frame-modern.8f6278a7.js (1)
[14096:28944:1006/051717.842:INFO:CONSOLE:36] "Key is missing from snippet", source: https://app.airdna.co/data/_next/static/chunks/pages/_app-9fad0fc302b039e1.js (36)
[2556:29568:1006/051717.926:INFO:third_party\webrtc\rtc_base\cpu_info.cc:75] Available number of cores: 12
[14096:28944:1006/051718.113:INFO:CONSOLE:36] "[Meta Pixel] - Removed URL query parameters due to potential violations.", source: https://app.airdna.co/data/_next/static/chunks/pages/_app-9fad0fc302b039e1.js (36)
[14096:28944:1006/051720.395:INFO:CONSOLE:36] "vwo combination running", source: https://app.airdna.co/data/_next/static/chunks/pages/_app-9fad0fc302b039e1.js (36)
[14096:28944:1006/051720.395:INFO:CONSOLE:36] "vwo ended normaly", source: https://app.airdna.co/data/_next/static/chunks/pages/_app-9fad0fc302b039e1.js (36)
[14096:28944:1006/051720.422:INFO:CONSOLE:36] "12001 running", source: https://app.airdna.co/data/_next/static/chunks/pages/_app-9fad0fc302b039e1.js (36)
[14096:27584:1006/051805.942:ERROR:google_apis\gcm\engine\registration_request.cc:291] Registration response error message: DEPRECATED_ENDPOINT
[8640:6960:1006/051837.586:VERBOSE1:components\viz\service\main\viz_main_impl.cc:86] VizNullHypothesis is disabled (not a warning)
[14096:27584:1006/051937.147:ERROR:google_apis\gcm\engine\registration_request.cc:291] Registration response error message: DEPRECATED_ENDPOINT
[14096:27584:1006/052259.681:ERROR:google_apis\gcm\engine\registration_request.cc:291] Registration response error message: DEPRECATED_ENDPOINT
[14096:27584:1006/052922.365:ERROR:google_apis\gcm\engine\registration_request.cc:291] Registration response error message: DEPRECATED_ENDPOINT
